1731772570827:list-clients
1731772590267:registerOrUpdateClient --help
1731772601270:registerOrUpdateClient -i david -s scott -name hustace
1731772618999:list-clients
1731772822805:exit
1731772951032:list-clients
1731773202705:registerOrUpdateClient -i david -s scott -n hustace
1731773205451:list-clients
1731776170613:exit
1731776333684:registerOrUpdateClient --help
1731776362948:registerOrUpdateClient -i david -s "{noop}scott" -n hustace
1731776403030:registerOrUpdateClient -i david -s {noop}scott -n hustace
1731776476519:exit
1731776513177:registerOrUpdateClient -i david -s scott -n hustace
1731776573476:exit
1731776684622:registerOrUpdateClient -i david -s scott -n hustace
1731776729496:registerOrUpdateClient -i david -s {noop}scott -n hustace
1731776849266:exit
1731776883763:registerOrUpdateClient -i david -s {noop}scott -n hustace
1731776975439:exit
1731777032705:registerOrUpdateClient -i david -s scott -n hustace
1731777052426:exit
1731777632299:registerOrUpdateClient -i david -s scott -n hustace
1731778608889:exit
1731778698459:registerOrUpdateClient -i client-id -s client-secret -n client-name
1731778718116:registerOrUpdateClient -i david -s scott -n hustace
1731779014884:exit
